\BOOKMARK [0][-]{section*.1}{\376\377\006\101\006\107\006\061\006\063\006\052\000\040\006\064\006\251\006\104\040\014\006\107\006\047}{}% 1
\BOOKMARK [0][-]{section*.2}{\376\377\006\101\006\107\006\061\006\063\006\052\000\040\040\014\006\054\006\057\006\110\006\104\040\014\006\107\006\047}{}% 2
\BOOKMARK [0][-]{chapter.1}{\376\377\006\105\006\102\006\057\006\105\006\107}{}% 3
\BOOKMARK [1][-]{section.1.1}{\376\377\006\052\006\071\006\061\006\314\006\101\000\040\006\105\006\063\006\046\006\104\006\107\000\040\006\052\006\064\006\056\006\314\006\065\000\040\006\105\006\110\006\066\006\071}{chapter.1}% 4
\BOOKMARK [1][-]{section.1.2}{\376\377\006\063\006\047\006\056\006\052\006\047\006\061\000\040\006\176\006\047\006\314\006\047\006\106\040\014\006\106\006\047\006\105\006\107}{chapter.1}% 5
\BOOKMARK [0][-]{chapter.2}{\376\377\006\052\006\071\006\061\006\314\006\101\000\040\006\105\006\063\006\046\006\104\006\107}{}% 6
\BOOKMARK [1][-]{section.2.1}{\376\377\006\063\006\067\006\110\006\055\000\040\006\105\006\063\006\046\006\104\006\107\000\040\006\052\006\064\006\056\006\314\006\065\000\040\006\105\006\110\006\066\006\071}{chapter.2}% 7
\BOOKMARK [1][-]{section.2.2}{\376\377\006\052\006\102\006\063\006\314\006\105\000\040\006\050\006\106\006\057\006\314\000\040\006\052\006\064\006\056\006\314\006\065\000\040\006\105\006\110\006\066\006\071\000\040\006\050\006\061\000\040\006\047\006\063\006\047\006\063\000\040\006\105\006\110\006\066\006\110\006\071}{chapter.2}% 8
\BOOKMARK [2][-]{subsection.2.2.1}{\376\377\006\052\006\064\006\056\006\314\006\065\000\040\006\105\006\110\006\066\006\071\000\040\006\050\006\061\006\047\006\314\000\040\006\314\006\251\000\040\006\105\006\110\006\066\006\110\006\071\000\040\006\056\006\047\006\065}{section.2.2}% 9
\BOOKMARK [2][-]{subsection.2.2.2}{\376\377\006\052\006\064\006\056\006\314\006\065\000\040\006\105\006\110\006\066\006\071\000\040\006\050\006\061\006\047\006\314\000\040\006\105\006\110\006\066\006\110\006\071\006\047\006\052\000\040\006\206\006\106\006\057\006\257\006\047\006\106\006\107\000\040\006\105\006\061\006\052\006\050\006\067}{section.2.2}% 10
\BOOKMARK [2][-]{subsection.2.2.3}{\376\377\006\052\006\064\006\056\006\314\006\065\000\040\006\105\006\110\006\066\006\071\000\040\006\047\006\057\006\071\006\047\000\040\006\105\006\055\006\110\006\061}{section.2.2}% 11
\BOOKMARK [2][-]{subsection.2.2.4}{\376\377\006\052\006\101\006\047\006\110\006\052\000\040\006\052\006\064\006\056\006\314\006\065\000\040\006\105\006\110\006\066\006\071\000\040\006\110\000\040\006\052\006\055\006\104\006\314\006\104\000\040\006\047\006\055\006\063\006\047\006\063\006\047\006\052}{section.2.2}% 12
\BOOKMARK [2][-]{subsection.2.2.5}{\376\377\006\251\006\047\006\061\006\050\006\061\006\057\006\107\006\047\006\314\000\040\006\052\006\064\006\056\006\314\006\065\000\040\006\105\006\110\006\066\006\071}{section.2.2}% 13
\BOOKMARK [0][-]{chapter.3}{\376\377\006\052\006\071\006\047\006\061\006\314\006\101\000\040\006\110\000\040\006\105\006\101\006\047\006\107\006\314\006\105\000\040\006\047\006\050\006\052\006\057\006\047\006\314\006\314}{}% 14
\BOOKMARK [1][-]{section.3.1}{\376\377\006\064\006\050\006\251\006\107\040\014\006\107\006\047\006\314\000\040\006\047\006\054\006\052\006\105\006\047\006\071\006\314}{chapter.3}% 15
\BOOKMARK [1][-]{section.3.2}{\376\377\006\107\006\110\006\064\000\040\006\105\006\065\006\106\006\110\006\071\006\314}{chapter.3}% 16
\BOOKMARK [1][-]{section.3.3}{\376\377\006\176\006\061\006\057\006\047\006\062\006\064\000\040\006\062\006\050\006\047\006\106\000\040\006\067\006\050\006\314\006\071\006\314}{chapter.3}% 17
\BOOKMARK [1][-]{section.3.4}{\376\377\006\052\006\071\006\050\006\314\006\107\000\040\006\251\006\104\006\105\006\047\006\052}{chapter.3}% 18
\BOOKMARK [1][-]{section.3.5}{\376\377\006\314\006\047\006\057\006\257\006\314\006\061\006\314\000\040\006\105\006\047\006\064\006\314\006\106}{chapter.3}% 19
\BOOKMARK [1][-]{section.3.6}{\376\377\006\314\006\047\006\057\006\257\006\314\006\061\006\314\000\040\006\071\006\105\006\314\006\102}{chapter.3}% 20
\BOOKMARK [1][-]{section.3.7}{\376\377\006\064\006\050\006\251\006\107\040\014\006\107\006\047\006\314\000\040\006\071\006\065\006\050\006\314\000\040\006\107\006\105\006\257\006\064\006\052\006\314}{chapter.3}% 21
\BOOKMARK [1][-]{section.3.8}{\376\377\006\063\006\047\006\062\000\040\006\110\000\040\006\251\006\047\006\061\000\040\006\052\006\110\006\054\006\107\000\040}{chapter.3}% 22
\BOOKMARK [1][-]{section.3.9}{\376\377\006\052\006\061\006\106\006\063\006\101\006\110\006\061\006\105\006\061}{chapter.3}% 23
\BOOKMARK [1][-]{section.3.10}{\376\377\006\105\006\107\006\106\006\057\006\063\006\314\000\040\006\176\006\061\006\047\006\105\006\176\006\052}{chapter.3}% 24
\BOOKMARK [1][-]{section.3.11}{\376\377\006\054\006\063\006\052\006\054\006\110\000\040\006\176\006\047\006\061\006\047\006\105\006\052\006\061\006\107\006\047}{chapter.3}% 25
\BOOKMARK [1][-]{section.3.12}{\376\377\006\054\006\105\006\071\000\040\006\050\006\106\006\057\006\314}{chapter.3}% 26
\BOOKMARK [0][-]{chapter.4}{\376\377\006\105\006\061\006\110\006\061\006\314\000\040\006\050\006\061\000\040\006\251\006\047\006\061\040\014\006\107\006\047\006\314\000\040\006\105\006\061\006\052\006\050\006\067}{}% 27
\BOOKMARK [1][-]{section.4.1}{\376\377\006\061\006\102\006\047\006\050\006\052\040\014\006\107\006\047\006\314\000\040\006\050\006\061\006\257\006\062\006\047\006\061\000\040\006\064\006\057\006\107\000\040\006\057\006\061\000\040\006\105\006\063\006\046\006\104\006\107\000\040\006\052\006\064\006\056\006\314\006\065\000\040\006\105\006\110\006\066\006\071}{chapter.4}% 28
\BOOKMARK [2][-]{subsection.4.1.1}{\376\377\006\061\006\110\006\314\006\057\006\047\006\057\000\040\000S\000e\000m\000E\000v\000a\000l\000-\0002\0000\0001\0006}{section.4.1}% 29
\BOOKMARK [2][-]{subsection.4.1.2}{\376\377\006\061\006\110\006\314\006\057\006\047\006\057\000\040\000N\000L\000P\000C\000C\000-\000I\000C\000C\000P\000O\000L\000-\0002\0000\0001\0006}{section.4.1}% 30
\BOOKMARK [2][-]{subsection.4.1.3}{\376\377\006\061\006\110\006\314\006\057\006\047\006\057\000\040\000I\000b\000e\000r\000E\000v\000a\000l\000-\0002\0000\0001\0007}{section.4.1}% 31
\BOOKMARK [2][-]{subsection.4.1.4}{\376\377\006\061\006\110\006\314\006\057\006\047\006\057\000\040\000S\000a\000d\000r\000i\000S\000t\000a\000n\000c\000e\000@\000E\000V\000A\000L\000I\000T\000A\000-\0002\0000\0002\0000}{section.4.1}% 32
\BOOKMARK [2][-]{subsection.4.1.5}{\376\377\006\061\006\110\006\314\006\057\006\047\006\057\000\040\000V\000a\000x\000x\000S\000t\000a\000n\000c\000e\000@\000I\000b\000e\000r\000L\000F\000E\000-\0002\0000\0002\0001}{section.4.1}% 33
\BOOKMARK [2][-]{subsection.4.1.6}{\376\377\006\061\006\110\006\314\006\057\006\047\006\057\000\040\000C\000l\000i\000m\000a\000t\000e\000A\000c\000t\000i\000v\000i\000s\000m\000S\000t\000a\000n\000c\000e\000@\000C\000A\000S\000E\000-\0002\0000\0002\0004}{section.4.1}% 34
\BOOKMARK [1][-]{section.4.2}{\376\377\006\105\006\054\006\105\006\110\006\071\006\107\000\040\006\057\006\047\006\057\006\107\040\014\006\107\006\047\006\314\000\040\006\105\006\063\006\046\006\104\006\107\000\040\006\052\006\064\006\056\006\314\006\065\000\040\006\105\006\110\006\066\006\071}{chapter.4}% 35
\BOOKMARK [2][-]{subsection.4.2.1}{\376\377\006\105\006\054\006\105\006\110\006\071\006\107\000\040\006\057\006\047\006\057\006\107\000\040\000S\000e\000m\000E\000v\000a\000l\000-\0002\0000\0001\0006\000\040}{section.4.2}% 36
\BOOKMARK [2][-]{subsection.4.2.2}{\376\377\006\105\006\054\006\105\006\110\006\071\006\107\000\040\006\057\006\047\006\057\006\107\000\040\000C\000l\000i\000m\000a\000C\000o\000n\000v\000o\000\040}{section.4.2}% 37
\BOOKMARK [1][-]{section.4.3}{\376\377\006\176\006\230\006\110\006\107\006\064\040\014\006\107\006\047\006\314\000\040\006\047\006\106\006\054\006\047\006\105\000\040\006\064\006\057\006\107\000\040\006\057\006\061\000\040\006\105\006\063\006\046\006\104\006\107\000\040\006\052\006\064\006\056\006\314\006\065\000\040\006\105\006\110\006\066\006\071}{chapter.4}% 38
\BOOKMARK [2][-]{subsection.4.3.1}{\376\377\006\061\006\110\006\314\006\251\006\061\006\057\006\107\006\047\006\314\000\040\006\314\006\047\006\057\006\257\006\314\006\061\006\314\000\040\006\105\006\047\006\064\006\314\006\106\000\040\006\105\006\050\006\052\006\106\006\314\000\040\006\050\006\061\000\040\006\110\006\314\006\230\006\257\006\314}{section.4.3}% 39
\BOOKMARK [2][-]{subsection.4.3.2}{\376\377\006\061\006\110\006\314\006\251\006\061\006\057\006\107\006\047\006\314\000\040\006\314\006\047\006\057\006\257\006\314\006\061\006\314\000\040\006\071\006\105\006\314\006\102}{section.4.3}% 40
\BOOKMARK [2][-]{subsection.4.3.3}{\376\377\006\105\006\057\006\104\040\014\006\107\006\047\006\314\000\040\006\047\006\062\000\040\006\102\006\050\006\104\000\040\006\042\006\105\006\110\006\062\006\064\000\040\006\057\006\314\006\057\006\107}{section.4.3}% 41
\BOOKMARK [1][-]{section.4.4}{\376\377\006\105\006\071\006\314\006\047\006\061\000\040\006\047\006\061\006\062\006\314\006\047\006\050\006\314\000\040\006\105\006\063\006\046\006\104\006\107\000\040\006\052\006\064\006\056\006\314\006\065\000\040\006\105\006\110\006\066\006\071}{chapter.4}% 42
\BOOKMARK [0][-]{chapter.5}{\376\377\006\061\006\110\006\064\000\040\006\176\006\314\006\064\006\106\006\107\006\047\006\057\006\314\000\040\006\050\006\061\006\047\006\314\000\040\006\052\006\064\006\056\006\314\006\065\000\040\006\105\006\110\006\066\006\071\000\040\006\050\006\047\000\040\006\106\006\070\006\047\006\061\006\052}{}% 43
\BOOKMARK [1][-]{section.5.1}{\376\377\006\057\006\047\006\057\006\257\006\047\006\106\000\040\006\042\006\105\006\110\006\062\006\064\006\314}{chapter.5}% 44
\BOOKMARK [1][-]{section.5.2}{\376\377\006\061\006\110\006\064\000\040\006\055\006\104\000\040\006\105\006\063\006\046\006\104\006\107}{chapter.5}% 45
\BOOKMARK [2][-]{subsection.5.2.1}{\376\377\006\176\006\314\006\064\040\014\006\176\006\061\006\057\006\047\006\062\006\064\000\040\006\057\006\047\006\057\006\107\040\014\006\107\006\047}{section.5.2}% 46
\BOOKMARK [2][-]{subsection.5.2.2}{\376\377\006\047\006\101\006\062\006\047\006\314\006\064\000\040\006\057\006\047\006\057\006\107}{section.5.2}% 47
\BOOKMARK [2][-]{subsection.5.2.3}{\376\377\006\054\006\063\006\052\006\054\006\110\000\040\006\105\006\071\006\105\006\047\006\061\006\314}{section.5.2}% 48
\BOOKMARK [2][-]{subsection.5.2.4}{\376\377\006\047\006\106\006\052\006\056\006\047\006\050\000\040\006\047\006\050\006\061\006\176\006\047\006\061\006\047\006\105\006\052\006\061\006\107\006\047}{section.5.2}% 49
\BOOKMARK [1][-]{section.5.3}{\376\377\006\042\006\062\006\105\006\047\006\314\006\064\040\014\006\107\006\047\000\040\006\110\000\040\006\052\006\055\006\104\006\314\006\104\000\040\006\106\006\052\006\047\006\314\006\054}{chapter.5}% 50
\BOOKMARK [2][-]{subsection.5.3.1}{\376\377\006\257\006\047\006\105\000\040\006\047\006\110\006\104\000\040\000:\000\040\006\052\006\055\006\104\006\314\006\104\000\040\006\106\006\055\006\110\006\107\000\040\006\071\006\105\006\104\006\251\006\061\006\057\000\040\006\047\006\104\006\257\006\110\006\061\006\314\006\052\006\105\000\040\006\054\006\063\006\052\006\054\006\110}{section.5.3}% 51
\BOOKMARK [2][-]{subsection.5.3.2}{\376\377\006\257\006\047\006\105\000\040\006\057\006\110\006\105\000\040\000:\000\040\006\050\006\107\000\040\006\057\006\063\006\052\000\040\006\042\006\110\006\061\006\057\006\106\000\040\006\176\006\047\006\061\006\047\006\105\006\052\006\061\006\107\006\047\006\314\000\040\006\105\006\057\006\104\000\040\006\050\006\047\000\040\006\071\006\105\006\104\006\251\006\061\006\057\000\040\006\105\006\067\006\104\006\110\006\050\000\040}{section.5.3}% 52
\BOOKMARK [2][-]{subsection.5.3.3}{\376\377\006\257\006\047\006\105\000\040\006\063\006\110\006\105\000\040\000:\000\040\006\047\006\061\006\062\006\314\006\047\006\050\006\314\000\040\006\052\006\251\006\105\006\314\006\104\006\314\000\040\006\105\006\057\006\104\000\040\006\176\006\314\006\064\006\106\006\107\006\047\006\057\006\314}{section.5.3}% 53
\BOOKMARK [3][-]{subsubsection.5.3.3.1}{\376\377\006\047\006\053\006\061\006\050\006\056\006\064\006\314\000\040\006\106\006\110\006\071\000\040\006\176\006\314\006\064\040\014\006\176\006\061\006\057\006\047\006\062\006\064\000\040\006\057\006\047\006\057\006\107}{subsection.5.3.3}% 54
\BOOKMARK [3][-]{subsubsection.5.3.3.2}{\376\377\006\047\006\053\006\061\006\050\006\056\006\064\006\314\000\040\006\047\006\101\006\062\006\047\006\314\006\064\000\040\006\057\006\047\006\057\006\107}{subsection.5.3.3}% 55
\BOOKMARK [3][-]{subsubsection.5.3.3.3}{\376\377\006\047\006\053\006\061\006\050\006\056\006\064\006\314\000\040\006\061\006\057\006\107\040\014\006\050\006\106\006\057}{subsection.5.3.3}% 56
\BOOKMARK [3][-]{subsubsection.5.3.3.4}{\376\377\006\047\006\053\006\061\006\050\006\056\006\064\006\314\000\040\006\052\006\047\006\050\006\071\000\040\006\066\006\061\006\061}{subsection.5.3.3}% 57
\BOOKMARK [3][-]{subsubsection.5.3.3.5}{\376\377\006\050\006\061\006\061\006\063\006\314\000\040\006\052\006\047\006\053\006\314\006\061\000\040\006\057\006\047\006\105\006\106\006\107\000\040\006\050\006\061\000\040\006\106\006\052\006\047\006\314\006\054\000\040\006\105\006\057\006\104\000\040\006\042\006\105\006\110\006\062\006\064\000\040\006\057\006\314\006\057\006\107}{subsection.5.3.3}% 58
\BOOKMARK [2][-]{subsection.5.3.4}{\376\377\006\052\006\055\006\104\006\314\006\104\000\040\006\056\006\067\006\047}{section.5.3}% 59
\BOOKMARK [2][-]{subsection.5.3.5}{\376\377\006\105\006\062\006\047\006\314\006\047\000\040\006\110\000\040\006\105\006\071\006\047\006\314\006\050\000\040\006\061\006\110\006\064\000\040\006\176\006\314\006\064\006\106\006\107\006\047\006\057\006\314}{section.5.3}% 60
\BOOKMARK [2][-]{subsection.5.3.6}{\376\377\006\106\006\055\006\110\006\107\000\040\006\176\006\314\006\047\006\057\006\107\040\014\006\063\006\047\006\062\006\314\000\040\006\110\000\040\006\047\006\054\006\061\006\047\000\040\006\042\006\062\006\105\006\047\006\314\006\064\040\014\006\107\006\047}{section.5.3}% 61
\BOOKMARK [1][-]{section.5.4}{\376\377\006\054\006\105\006\071\040\014\006\050\006\106\006\057\006\314}{chapter.5}% 62
\BOOKMARK [0][-]{chapter.6}{\376\377\006\061\006\110\006\064\000\040\006\176\006\314\006\064\006\106\006\107\006\047\006\057\006\314\000\040\006\050\006\061\006\047\006\314\000\040\006\052\006\064\006\056\006\314\006\065\000\040\006\105\006\110\006\066\006\071\000\040\006\050\006\057\006\110\006\106\000\040\006\057\006\047\006\057\006\107\000\040\006\042\006\105\006\110\006\062\006\064\006\314}{}% 63
\BOOKMARK [1][-]{section.6.1}{\376\377\006\061\006\110\006\064\000\040\006\055\006\104\000\040\006\105\006\063\006\046\006\104\006\107}{chapter.6}% 64
\BOOKMARK [2][-]{subsection.6.1.1}{\376\377\006\176\006\061\006\047\006\105\006\176\006\052\000\040\000Z\000e\000r\000o\000\040\000S\000h\000o\000t\000\040}{section.6.1}% 65
\BOOKMARK [2][-]{subsection.6.1.2}{\376\377\006\176\006\061\006\047\006\105\006\176\006\052\000\040\000Z\000e\000r\000o\000\040\000S\000h\000o\000t\000\040\000+\000\040\000C\000h\000a\000i\000n\000\040\000o\000f\000\040\000T\000h\000o\000u\000g\000h\000t\000\040}{section.6.1}% 66
\BOOKMARK [2][-]{subsection.6.1.3}{\376\377\006\176\006\061\006\047\006\105\006\176\006\052\000\040\000Z\000e\000r\000o\000\040\000S\000h\000o\000t\000\040\000+\000\040\000C\000h\000a\000i\000n\000\040\000o\000f\000\040\000T\000h\000o\000u\000g\000h\000t\000\040\000+\000\040\000C\000o\000n\000t\000e\000x\000t\000\040\000D\000e\000s\000c\000r\000i\000p\000t\000i\000o\000n\000\040}{section.6.1}% 67
\BOOKMARK [2][-]{subsection.6.1.4}{\376\377\006\176\006\061\006\047\006\105\006\176\006\052\000\040\000F\000e\000w\000\040\000S\000h\000o\000t\000\040\000+\000\040\000C\000h\000a\000i\000n\000\040\000o\000f\000\040\000T\000h\000o\000u\000g\000h\000t\000\040\000+\000\040\000C\000o\000n\000t\000e\000x\000t\000\040\000D\000e\000s\000c\000r\000i\000p\000t\000i\000o\000n\000\040}{section.6.1}% 68
\BOOKMARK [1][-]{section.6.2}{\376\377\006\042\006\062\006\105\006\047\006\314\006\064\040\014\006\107\006\047\000\040\006\110\000\040\006\052\006\055\006\104\006\314\006\104\000\040\006\106\006\052\006\047\006\314\006\054}{chapter.6}% 69
\BOOKMARK [2][-]{subsection.6.2.1}{\376\377\006\105\006\062\006\047\006\314\006\047\000\040\006\110\000\040\006\105\006\071\006\047\006\314\006\050\000\040\006\061\006\110\006\064\000\040\006\176\006\314\006\064\006\106\006\107\006\047\006\057\006\314}{section.6.2}% 70
\BOOKMARK [2][-]{subsection.6.2.2}{\376\377\006\106\006\055\006\110\006\107\000\040\006\176\006\314\006\047\006\057\006\107\040\014\006\063\006\047\006\062\006\314\000\040\006\110\000\040\006\047\006\054\006\061\006\047\000\040\006\042\006\062\006\105\006\047\006\314\006\064\040\014\006\107\006\047}{section.6.2}% 71
\BOOKMARK [0][-]{chapter.7}{\376\377\006\106\006\052\006\314\006\054\006\107\040\014\006\257\006\314\006\061\006\314\000\040\006\110\000\040\006\251\006\047\006\061\006\107\006\047\006\314\000\040\006\042\006\314\006\106\006\057\006\107}{}% 72
\BOOKMARK [1][-]{section.7.1}{\376\377\006\106\006\052\006\314\006\054\006\107\040\014\006\257\006\314\006\061\006\314}{chapter.7}% 73
\BOOKMARK [1][-]{section.7.2}{\376\377\006\176\006\314\006\064\006\106\006\107\006\047\006\057\006\107\006\047\000\040\006\110\000\040\006\251\006\047\006\061\040\014\006\107\006\047\006\314\000\040\006\042\006\314\006\106\006\057\006\107}{chapter.7}% 74
\BOOKMARK [0][-]{chapter*.3}{\376\377\006\105\006\061\006\047\006\054\006\071}{}% 75
\BOOKMARK [0][-]{chapter*.4}{\376\377\006\110\006\047\006\230\006\107\040\014\006\106\006\047\006\105\006\107\000\040\006\101\006\047\006\061\006\063\006\314\000\040\006\050\006\107\000\040\006\047\006\106\006\257\006\104\006\314\006\063\006\314}{}% 76
\BOOKMARK [0][-]{chapter*.5}{\376\377\006\110\006\047\006\230\006\107\040\014\006\106\006\047\006\105\006\107\000\040\006\047\006\106\006\257\006\104\006\314\006\063\006\314\000\040\006\050\006\107\000\040\006\101\006\047\006\061\006\063\006\314}{}% 77
